# JRE version: Java(TM) SE Runtime Environment (7.0_65-b20) (build 1.7.0_65-b20)
# Java VM: Java HotSpot(TM) 64-Bit Server VM (24.65-b04 mixed mode windows-amd64 compressed oops)
Heap
 PSYoungGen      total 25600K, used 738K [0x00000000d7280000, 0x00000000d8d80000, 0x0000000100000000)
  eden space 23552K, 1% used [0x00000000d7280000,0x00000000d72f0818,0x00000000d8980000)
  from space 2048K, 14% used [0x00000000d8980000,0x00000000d89c8000,0x00000000d8b80000)
  to   space 2048K, 0% used [0x00000000d8b80000,0x00000000d8b80000,0x00000000d8d80000)
 ParOldGen       total 83456K, used 7892K [0x0000000085800000, 0x000000008a980000, 0x00000000d7280000)
  object space 83456K, 9% used [0x0000000085800000,0x0000000085fb50b8,0x000000008a980000)
 PSPermGen       total 41472K, used 18764K [0x0000000080600000, 0x0000000082e80000, 0x0000000085800000)
  object space 41472K, 45% used [0x0000000080600000,0x0000000081853100,0x0000000082e80000)
GC Heap History (10 events):
Event: 5627.193 GC heap before
{Heap before GC invocations=45 (full 2):
 PSYoungGen      total 25600K, used 24352K [0x00000000d7280000, 0x00000000d8d80000, 0x0000000100000000)
  eden space 23552K, 100% used [0x00000000d7280000,0x00000000d8980000,0x00000000d8980000)
  from space 2048K, 39% used [0x00000000d8b80000,0x00000000d8c48000,0x00000000d8d80000)
  to   space 2048K, 0% used [0x00000000d8980000,0x00000000d8980000,0x00000000d8b80000)
 ParOldGen       total 83456K, used 7852K [0x0000000085800000, 0x000000008a980000, 0x00000000d7280000)
  object space 83456K, 9% used [0x0000000085800000,0x0000000085fab0b8,0x000000008a980000)
 PSPermGen       total 41472K, used 18680K [0x0000000080600000, 0x0000000082e80000, 0x0000000085800000)
  object space 41472K, 45% used [0x0000000080600000,0x000000008183e278,0x0000000082e80000)
Event: 5627.201 GC heap after
Heap after GC invocations=45 (full 2):
 PSYoungGen      total 25600K, used 800K [0x00000000d7280000, 0x00000000d8d80000, 0x0000000100000000)
  eden space 23552K, 0% used [0x00000000d7280000,0x00000000d7280000,0x00000000d8980000)
  from space 2048K, 39% used [0x00000000d8980000,0x00000000d8a48000,0x00000000d8b80000)
  to   space 2048K, 0% used [0x00000000d8b80000,0x00000000d8b80000,0x00000000d8d80000)
 ParOldGen       total 83456K, used 7852K [0x0000000085800000, 0x000000008a980000, 0x00000000d7280000)
  object space 83456K, 9% used [0x0000000085800000,0x0000000085fab0b8,0x000000008a980000)
 PSPermGen       total 41472K, used 18680K [0x0000000080600000, 0x0000000082e80000, 0x0000000085800000)
  object space 41472K, 45% used [0x0000000080600000,0x000000008183e278,0x0000000082e80000)
}
Event: 5767.317 GC heap before
{Heap before GC invocations=46 (full 2):
 PSYoungGen      total 25600K, used 24352K [0x00000000d7280000, 0x00000000d8d80000, 0x0000000100000000)
  eden space 23552K, 100% used [0x00000000d7280000,0x00000000d8980000,0x00000000d8980000)
  from space 2048K, 39% used [0x00000000d8980000,0x00000000d8a48000,0x00000000d8b80000)
  to   space 2048K, 0% used [0x00000000d8b80000,0x00000000d8b80000,0x00000000d8d80000)
 ParOldGen       total 83456K, used 7852K [0x0000000085800000, 0x000000008a980000, 0x00000000d7280000)
  object space 83456K, 9% used [0x0000000085800000,0x0000000085fab0b8,0x000000008a980000)
 PSPermGen       total 41472K, used 18680K [0x0000000080600000, 0x0000000082e80000, 0x0000000085800000)
  object space 41472K, 45% used [0x0000000080600000,0x000000008183e278,0x0000000082e80000)
Event: 5767.326 GC heap after
Heap after GC invocations=46 (full 2):
 PSYoungGen      total 25600K, used 800K [0x00000000d7280000, 0x00000000d8d80000, 0x0000000100000000)
  eden space 23552K, 0% used [0x00000000d7280000,0x00000000d7280000,0x00000000d8980000)
  from space 2048K, 39% used [0x00000000d8b80000,0x00000000d8c48000,0x00000000d8d80000)
  to   space 2048K, 0% used [0x00000000d8980000,0x00000000d8980000,0x00000000d8b80000)
 ParOldGen       total 83456K, used 7860K [0x0000000085800000, 0x000000008a980000, 0x00000000d7280000)
  object space 83456K, 9% used [0x0000000085800000,0x0000000085fad0b8,0x000000008a980000)
 PSPermGen       total 41472K, used 18680K [0x0000000080600000, 0x0000000082e80000, 0x0000000085800000)
  object space 41472K, 45% used [0x0000000080600000,0x000000008183e278,0x0000000082e80000)
}
Event: 5907.499 GC heap before
{Heap before GC invocations=47 (full 2):
 PSYoungGen      total 25600K, used 24352K [0x00000000d7280000, 0x00000000d8d80000, 0x0000000100000000)
  eden space 23552K, 100% used [0x00000000d7280000,0x00000000d8980000,0x00000000d8980000)
  from space 2048K, 39% used [0x00000000d8b80000,0x00000000d8c48000,0x00000000d8d80000)
  to   space 2048K, 0% used [0x00000000d8980000,0x00000000d8980000,0x00000000d8b80000)
 ParOldGen       total 83456K, used 7860K [0x0000000085800000, 0x000000008a980000, 0x00000000d7280000)
  object space 83456K, 9% used [0x0000000085800000,0x0000000085fad0b8,0x000000008a980000)
 PSPermGen       total 41472K, used 18680K [0x0000000080600000, 0x0000000082e80000, 0x0000000085800000)
  object space 41472K, 45% used [0x0000000080600000,0x000000008183e278,0x0000000082e80000)
Event: 5907.507 GC heap after
Heap after GC invocations=47 (full 2):
 PSYoungGen      total 25600K, used 800K [0x00000000d7280000, 0x00000000d8d80000, 0x0000000100000000)
  eden space 23552K, 0% used [0x00000000d7280000,0x00000000d7280000,0x00000000d8980000)
  from space 2048K, 39% used [0x00000000d8980000,0x00000000d8a48000,0x00000000d8b80000)
  to   space 2048K, 0% used [0x00000000d8b80000,0x00000000d8b80000,0x00000000d8d80000)
 ParOldGen       total 83456K, used 7860K [0x0000000085800000, 0x000000008a980000, 0x00000000d7280000)
  object space 83456K, 9% used [0x0000000085800000,0x0000000085fad0b8,0x000000008a980000)
 PSPermGen       total 41472K, used 18680K [0x0000000080600000, 0x0000000082e80000, 0x0000000085800000)
  object space 41472K, 45% used [0x0000000080600000,0x000000008183e278,0x0000000082e80000)
}
Event: 6100.669 GC heap before
{Heap before GC invocations=48 (full 2):
 PSYoungGen      total 25600K, used 24352K [0x00000000d7280000, 0x00000000d8d80000, 0x0000000100000000)
  eden space 23552K, 100% used [0x00000000d7280000,0x00000000d8980000,0x00000000d8980000)
  from space 2048K, 39% used [0x00000000d8980000,0x00000000d8a48000,0x00000000d8b80000)
  to   space 2048K, 0% used [0x00000000d8b80000,0x00000000d8b80000,0x00000000d8d80000)
 ParOldGen       total 83456K, used 7860K [0x0000000085800000, 0x000000008a980000, 0x00000000d7280000)
  object space 83456K, 9% used [0x0000000085800000,0x0000000085fad0b8,0x000000008a980000)
 PSPermGen       total 41472K, used 18680K [0x0000000080600000, 0x0000000082e80000, 0x0000000085800000)
  object space 41472K, 45% used [0x0000000080600000,0x000000008183e278,0x0000000082e80000)
Event: 6100.672 GC heap after
Heap after GC invocations=48 (full 2):
 PSYoungGen      total 25600K, used 192K [0x00000000d7280000, 0x00000000d8d80000, 0x0000000100000000)
  eden space 23552K, 0% used [0x00000000d7280000,0x00000000d7280000,0x00000000d8980000)
  from space 2048K, 9% used [0x00000000d8b80000,0x00000000d8bb0000,0x00000000d8d80000)
  to   space 2048K, 0% used [0x00000000d8980000,0x00000000d8980000,0x00000000d8b80000)
 ParOldGen       total 83456K, used 7876K [0x0000000085800000, 0x000000008a980000, 0x00000000d7280000)
  object space 83456K, 9% used [0x0000000085800000,0x0000000085fb10b8,0x000000008a980000)
 PSPermGen       total 41472K, used 18680K [0x0000000080600000, 0x0000000082e80000, 0x0000000085800000)
  object space 41472K, 45% used [0x0000000080600000,0x000000008183e278,0x0000000082e80000)
}
Event: 6275.653 GC heap before
{Heap before GC invocations=49 (full 2):
 PSYoungGen      total 25600K, used 23744K [0x00000000d7280000, 0x00000000d8d80000, 0x0000000100000000)
  eden space 23552K, 100% used [0x00000000d7280000,0x00000000d8980000,0x00000000d8980000)
  from space 2048K, 9% used [0x00000000d8b80000,0x00000000d8bb0000,0x00000000d8d80000)
  to   space 2048K, 0% used [0x00000000d8980000,0x00000000d8980000,0x00000000d8b80000)
 ParOldGen       total 83456K, used 7876K [0x0000000085800000, 0x000000008a980000, 0x00000000d7280000)
  object space 83456K, 9% used [0x0000000085800000,0x0000000085fb10b8,0x000000008a980000)
 PSPermGen       total 41472K, used 18762K [0x0000000080600000, 0x0000000082e80000, 0x0000000085800000)
  object space 41472K, 45% used [0x0000000080600000,0x0000000081852ac8,0x0000000082e80000)
Event: 6275.657 GC heap after
Heap after GC invocations=49 (full 2):
 PSYoungGen      total 25600K, used 288K [0x00000000d7280000, 0x00000000d8d80000, 0x0000000100000000)
  eden space 23552K, 0% used [0x00000000d7280000,0x00000000d7280000,0x00000000d8980000)
  from space 2048K, 14% used [0x00000000d8980000,0x00000000d89c8000,0x00000000d8b80000)
  to   space 2048K, 0% used [0x00000000d8b80000,0x00000000d8b80000,0x00000000d8d80000)
 ParOldGen       total 83456K, used 7892K [0x0000000085800000, 0x000000008a980000, 0x00000000d7280000)
  object space 83456K, 9% used [0x0000000085800000,0x0000000085fb50b8,0x000000008a980000)
 PSPermGen       total 41472K, used 18762K [0x0000000080600000, 0x0000000082e80000, 0x0000000085800000)
  object space 41472K, 45% used [0x0000000080600000,0x0000000081852ac8,0x0000000082e80000)
}

