# JRE version: Java(TM) SE Runtime Environment (7.0_65-b20) (build 1.7.0_65-b20)
# Java VM: Java HotSpot(TM) 64-Bit Server VM (24.65-b04 mixed mode windows-amd64 compressed oops)
Heap
 PSYoungGen      total 36864K, used 18250K [0x00000000d7280000, 0x00000000d9b80000, 0x0000000100000000)
  eden space 31744K, 54% used [0x00000000d7280000,0x00000000d838cbe8,0x00000000d9180000)
  from space 5120K, 15% used [0x00000000d9680000,0x00000000d9745ea0,0x00000000d9b80000)
  to   space 5120K, 0% used [0x00000000d9180000,0x00000000d9180000,0x00000000d9680000)
 ParOldGen       total 83456K, used 5828K [0x0000000085800000, 0x000000008a980000, 0x00000000d7280000)
  object space 83456K, 6% used [0x0000000085800000,0x0000000085db10d8,0x000000008a980000)
 PSPermGen       total 41472K, used 18574K [0x0000000080600000, 0x0000000082e80000, 0x0000000085800000)
  object space 41472K, 44% used [0x0000000080600000,0x0000000081823848,0x0000000082e80000)
GC Heap History (10 events):
Event: 38.410 GC heap before
{Heap before GC invocations=4 (full 1):
 PSYoungGen      total 36864K, used 5923K [0x00000000d7280000, 0x00000000d9b80000, 0x0000000100000000)
  eden space 31744K, 18% used [0x00000000d7280000,0x00000000d7848e20,0x00000000d9180000)
  from space 5120K, 0% used [0x00000000d9680000,0x00000000d9680000,0x00000000d9b80000)
  to   space 5120K, 0% used [0x00000000d9180000,0x00000000d9180000,0x00000000d9680000)
 ParOldGen       total 83456K, used 7396K [0x0000000085800000, 0x000000008a980000, 0x00000000d7280000)
  object space 83456K, 8% used [0x0000000085800000,0x0000000085f39360,0x000000008a980000)
 PSPermGen       total 36864K, used 18351K [0x0000000080600000, 0x0000000082a00000, 0x0000000085800000)
  object space 36864K, 49% used [0x0000000080600000,0x00000000817ebe58,0x0000000082a00000)
Event: 38.413 GC heap after
Heap after GC invocations=4 (full 1):
 PSYoungGen      total 36864K, used 233K [0x00000000d7280000, 0x00000000d9b80000, 0x0000000100000000)
  eden space 31744K, 0% used [0x00000000d7280000,0x00000000d7280000,0x00000000d9180000)
  from space 5120K, 4% used [0x00000000d9180000,0x00000000d91ba680,0x00000000d9680000)
  to   space 5120K, 0% used [0x00000000d9680000,0x00000000d9680000,0x00000000d9b80000)
 ParOldGen       total 83456K, used 7396K [0x0000000085800000, 0x000000008a980000, 0x00000000d7280000)
  object space 83456K, 8% used [0x0000000085800000,0x0000000085f39360,0x000000008a980000)
 PSPermGen       total 36864K, used 18351K [0x0000000080600000, 0x0000000082a00000, 0x0000000085800000)
  object space 36864K, 49% used [0x0000000080600000,0x00000000817ebe58,0x0000000082a00000)
}
Event: 38.413 GC heap before
{Heap before GC invocations=5 (full 2):
 PSYoungGen      total 36864K, used 233K [0x00000000d7280000, 0x00000000d9b80000, 0x0000000100000000)
  eden space 31744K, 0% used [0x00000000d7280000,0x00000000d7280000,0x00000000d9180000)
  from space 5120K, 4% used [0x00000000d9180000,0x00000000d91ba680,0x00000000d9680000)
  to   space 5120K, 0% used [0x00000000d9680000,0x00000000d9680000,0x00000000d9b80000)
 ParOldGen       total 83456K, used 7396K [0x0000000085800000, 0x000000008a980000, 0x00000000d7280000)
  object space 83456K, 8% used [0x0000000085800000,0x0000000085f39360,0x000000008a980000)
 PSPermGen       total 36864K, used 18351K [0x0000000080600000, 0x0000000082a00000, 0x0000000085800000)
  object space 36864K, 49% used [0x0000000080600000,0x00000000817ebe58,0x0000000082a00000)
Event: 38.522 GC heap after
Heap after GC invocations=5 (full 2):
 PSYoungGen      total 36864K, used 0K [0x00000000d7280000, 0x00000000d9b80000, 0x0000000100000000)
  eden space 31744K, 0% used [0x00000000d7280000,0x00000000d7280000,0x00000000d9180000)
  from space 5120K, 0% used [0x00000000d9180000,0x00000000d9180000,0x00000000d9680000)
  to   space 5120K, 0% used [0x00000000d9680000,0x00000000d9680000,0x00000000d9b80000)
 ParOldGen       total 83456K, used 5820K [0x0000000085800000, 0x000000008a980000, 0x00000000d7280000)
  object space 83456K, 6% used [0x0000000085800000,0x0000000085daf0d8,0x000000008a980000)
 PSPermGen       total 41472K, used 18351K [0x0000000080600000, 0x0000000082e80000, 0x0000000085800000)
  object space 41472K, 44% used [0x0000000080600000,0x00000000817ebe58,0x0000000082e80000)
}
Event: 46.212 GC heap before
{Heap before GC invocations=6 (full 2):
 PSYoungGen      total 36864K, used 31744K [0x00000000d7280000, 0x00000000d9b80000, 0x0000000100000000)
  eden space 31744K, 100% used [0x00000000d7280000,0x00000000d9180000,0x00000000d9180000)
  from space 5120K, 0% used [0x00000000d9180000,0x00000000d9180000,0x00000000d9680000)
  to   space 5120K, 0% used [0x00000000d9680000,0x00000000d9680000,0x00000000d9b80000)
 ParOldGen       total 83456K, used 5820K [0x0000000085800000, 0x000000008a980000, 0x00000000d7280000)
  object space 83456K, 6% used [0x0000000085800000,0x0000000085daf0d8,0x000000008a980000)
 PSPermGen       total 41472K, used 18375K [0x0000000080600000, 0x0000000082e80000, 0x0000000085800000)
  object space 41472K, 44% used [0x0000000080600000,0x00000000817f1dd8,0x0000000082e80000)
Event: 46.216 GC heap after
Heap after GC invocations=6 (full 2):
 PSYoungGen      total 36864K, used 96K [0x00000000d7280000, 0x00000000d9b80000, 0x0000000100000000)
  eden space 31744K, 0% used [0x00000000d7280000,0x00000000d7280000,0x00000000d9180000)
  from space 5120K, 1% used [0x00000000d9680000,0x00000000d9698000,0x00000000d9b80000)
  to   space 5120K, 0% used [0x00000000d9180000,0x00000000d9180000,0x00000000d9680000)
 ParOldGen       total 83456K, used 5828K [0x0000000085800000, 0x000000008a980000, 0x00000000d7280000)
  object space 83456K, 6% used [0x0000000085800000,0x0000000085db10d8,0x000000008a980000)
 PSPermGen       total 41472K, used 18375K [0x0000000080600000, 0x0000000082e80000, 0x0000000085800000)
  object space 41472K, 44% used [0x0000000080600000,0x00000000817f1dd8,0x0000000082e80000)
}
Event: 55.115 GC heap before
{Heap before GC invocations=7 (full 2):
 PSYoungGen      total 36864K, used 31840K [0x00000000d7280000, 0x00000000d9b80000, 0x0000000100000000)
  eden space 31744K, 100% used [0x00000000d7280000,0x00000000d9180000,0x00000000d9180000)
  from space 5120K, 1% used [0x00000000d9680000,0x00000000d9698000,0x00000000d9b80000)
  to   space 5120K, 0% used [0x00000000d9180000,0x00000000d9180000,0x00000000d9680000)
 ParOldGen       total 83456K, used 5828K [0x0000000085800000, 0x000000008a980000, 0x00000000d7280000)
  object space 83456K, 6% used [0x0000000085800000,0x0000000085db10d8,0x000000008a980000)
 PSPermGen       total 41472K, used 18377K [0x0000000080600000, 0x0000000082e80000, 0x0000000085800000)
  object space 41472K, 44% used [0x0000000080600000,0x00000000817f27e8,0x0000000082e80000)
Event: 55.118 GC heap after
Heap after GC invocations=7 (full 2):
 PSYoungGen      total 36864K, used 222K [0x00000000d7280000, 0x00000000d9b80000, 0x0000000100000000)
  eden space 31744K, 0% used [0x00000000d7280000,0x00000000d7280000,0x00000000d9180000)
  from space 5120K, 4% used [0x00000000d9180000,0x00000000d91b7b90,0x00000000d9680000)
  to   space 5120K, 0% used [0x00000000d9680000,0x00000000d9680000,0x00000000d9b80000)
 ParOldGen       total 83456K, used 5828K [0x0000000085800000, 0x000000008a980000, 0x00000000d7280000)
  object space 83456K, 6% used [0x0000000085800000,0x0000000085db10d8,0x000000008a980000)
 PSPermGen       total 41472K, used 18377K [0x0000000080600000, 0x0000000082e80000, 0x0000000085800000)
  object space 41472K, 44% used [0x0000000080600000,0x00000000817f27e8,0x0000000082e80000)
}
Event: 9011.930 GC heap before
{Heap before GC invocations=8 (full 2):
 PSYoungGen      total 36864K, used 31819K [0x00000000d7280000, 0x00000000d9b80000, 0x0000000100000000)
  eden space 31744K, 99% used [0x00000000d7280000,0x00000000d915b388,0x00000000d9180000)
  from space 5120K, 4% used [0x00000000d9180000,0x00000000d91b7b90,0x00000000d9680000)
  to   space 5120K, 0% used [0x00000000d9680000,0x00000000d9680000,0x00000000d9b80000)
 ParOldGen       total 83456K, used 5828K [0x0000000085800000, 0x000000008a980000, 0x00000000d7280000)
  object space 83456K, 6% used [0x0000000085800000,0x0000000085db10d8,0x000000008a980000)
 PSPermGen       total 41472K, used 18522K [0x0000000080600000, 0x0000000082e80000, 0x0000000085800000)
  object space 41472K, 44% used [0x0000000080600000,0x0000000081816960,0x0000000082e80000)
Event: 9011.995 GC heap after
Heap after GC invocations=8 (full 2):
 PSYoungGen      total 36864K, used 791K [0x00000000d7280000, 0x00000000d9b80000, 0x0000000100000000)
  eden space 31744K, 0% used [0x00000000d7280000,0x00000000d7280000,0x00000000d9180000)
  from space 5120K, 15% used [0x00000000d9680000,0x00000000d9745ea0,0x00000000d9b80000)
  to   space 5120K, 0% used [0x00000000d9180000,0x00000000d9180000,0x00000000d9680000)
 ParOldGen       total 83456K, used 5828K [0x0000000085800000, 0x000000008a980000, 0x00000000d7280000)
  object space 83456K, 6% used [0x0000000085800000,0x0000000085db10d8,0x000000008a980000)
 PSPermGen       total 41472K, used 18522K [0x0000000080600000, 0x0000000082e80000, 0x0000000085800000)
  object space 41472K, 44% used [0x0000000080600000,0x0000000081816960,0x0000000082e80000)
}

